<?xml version="1.0" encoding="UTF-8" ?>
<testsuite tests="4" failures="0" name="org.koushik.javabrains.messages.restassuredtest.MessageResourceTest" time="4.087" errors="0" skipped="0">
  <properties>
[...]
</properties>
  <testcase classname="org.koushik.javabrains.messages.restassuredtest.MessageResourceTest" name="testCommentByParameter" time="3.881"/>
  <testcase classname="org.koushik.javabrains.messages.restassuredtest.MessageResourceTest" name="testPageNotFound" time="0.066"/>
  <testcase classname="org.koushik.javabrains.messages.restassuredtest.MessageResourceTest" name="testCommentSuccessProgrammatic" time="0.067"/>
  <testcase classname="org.koushik.javabrains.messages.restassuredtest.MessageResourceTest" name="testCommentFetchesSuccess" time="0.073"/>
</testsuite>